::1 - - [23/Oct/2020:08:06:49 +0000] "GET / HTTP/1.1" 200 49 "-" "PostmanRuntime/7.26.5"
::1 - - [23/Oct/2020:09:21:08 +0000] "GET / HTTP/1.1" 200 49 "-" "PostmanRuntime/7.26.5"
::1 - - [23/Oct/2020:09:21:23 +0000] "POST /users/login HTTP/1.1" 200 49 "-" "PostmanRuntime/7.26.5"
::1 - - [23/Oct/2020:09:21:25 +0000] "POST /users/login HTTP/1.1" 200 49 "-" "PostmanRuntime/7.26.5"
::1 - - [23/Oct/2020:09:22:10 +0000] "POST /users/login HTTP/1.1" 200 289 "-" "PostmanRuntime/7.26.5"
::1 - - [23/Oct/2020:09:22:13 +0000] "POST /users/login HTTP/1.1" 200 289 "-" "PostmanRuntime/7.26.5"
::1 - - [23/Oct/2020:09:22:44 +0000] "POST /users/login HTTP/1.1" 200 289 "http://localhost:3000/" "Mozilla/5.0 (Windows NT 10.0; Win64; x64) AppleWebKit/537.36 (KHTML, like Gecko) Chrome/86.0.4240.111 Safari/537.36"
::1 - - [23/Oct/2020:09:22:48 +0000] "GET /users/5f926bbc305f763674e56184 HTTP/1.1" 404 169 "http://localhost:3000/" "Mozilla/5.0 (Windows NT 10.0; Win64; x64) AppleWebKit/537.36 (KHTML, like Gecko) Chrome/86.0.4240.111 Safari/537.36"
::1 - - [23/Oct/2020:09:23:58 +0000] "POST /users/register HTTP/1.1" 500 62 "http://localhost:3000/" "Mozilla/5.0 (Windows NT 10.0; Win64; x64) AppleWebKit/537.36 (KHTML, like Gecko) Chrome/86.0.4240.111 Safari/537.36"
::1 - - [23/Oct/2020:09:24:00 +0000] "POST /users/register HTTP/1.1" 500 62 "http://localhost:3000/" "Mozilla/5.0 (Windows NT 10.0; Win64; x64) AppleWebKit/537.36 (KHTML, like Gecko) Chrome/86.0.4240.111 Safari/537.36"
::1 - - [23/Oct/2020:09:24:01 +0000] "POST /users/register HTTP/1.1" 500 62 "http://localhost:3000/" "Mozilla/5.0 (Windows NT 10.0; Win64; x64) AppleWebKit/537.36 (KHTML, like Gecko) Chrome/86.0.4240.111 Safari/537.36"
::1 - - [23/Oct/2020:09:24:02 +0000] "POST /users/register HTTP/1.1" 500 62 "http://localhost:3000/" "Mozilla/5.0 (Windows NT 10.0; Win64; x64) AppleWebKit/537.36 (KHTML, like Gecko) Chrome/86.0.4240.111 Safari/537.36"
::1 - - [23/Oct/2020:09:24:03 +0000] "POST /users/register HTTP/1.1" 500 62 "http://localhost:3000/" "Mozilla/5.0 (Windows NT 10.0; Win64; x64) AppleWebKit/537.36 (KHTML, like Gecko) Chrome/86.0.4240.111 Safari/537.36"
::1 - - [23/Oct/2020:09:24:04 +0000] "POST /users/register HTTP/1.1" 500 62 "http://localhost:3000/" "Mozilla/5.0 (Windows NT 10.0; Win64; x64) AppleWebKit/537.36 (KHTML, like Gecko) Chrome/86.0.4240.111 Safari/537.36"
::1 - - [23/Oct/2020:09:24:05 +0000] "POST /users/register HTTP/1.1" 500 62 "http://localhost:3000/" "Mozilla/5.0 (Windows NT 10.0; Win64; x64) AppleWebKit/537.36 (KHTML, like Gecko) Chrome/86.0.4240.111 Safari/537.36"
::1 - - [23/Oct/2020:09:24:06 +0000] "POST /users/register HTTP/1.1" 500 62 "http://localhost:3000/" "Mozilla/5.0 (Windows NT 10.0; Win64; x64) AppleWebKit/537.36 (KHTML, like Gecko) Chrome/86.0.4240.111 Safari/537.36"
::1 - - [23/Oct/2020:09:30:23 +0000] "POST /users/register HTTP/1.1" 500 62 "http://localhost:3000/" "Mozilla/5.0 (Windows NT 10.0; Win64; x64) AppleWebKit/537.36 (KHTML, like Gecko) Chrome/86.0.4240.111 Safari/537.36"
::1 - - [23/Oct/2020:09:30:27 +0000] "POST /users/register HTTP/1.1" 500 62 "http://localhost:3000/" "Mozilla/5.0 (Windows NT 10.0; Win64; x64) AppleWebKit/537.36 (KHTML, like Gecko) Chrome/86.0.4240.111 Safari/537.36"
::1 - - [23/Oct/2020:09:30:28 +0000] "POST /users/register HTTP/1.1" 500 62 "http://localhost:3000/" "Mozilla/5.0 (Windows NT 10.0; Win64; x64) AppleWebKit/537.36 (KHTML, like Gecko) Chrome/86.0.4240.111 Safari/537.36"
::1 - - [23/Oct/2020:09:30:29 +0000] "POST /users/register HTTP/1.1" 500 62 "http://localhost:3000/" "Mozilla/5.0 (Windows NT 10.0; Win64; x64) AppleWebKit/537.36 (KHTML, like Gecko) Chrome/86.0.4240.111 Safari/537.36"
::1 - - [23/Oct/2020:09:30:29 +0000] "POST /users/register HTTP/1.1" 500 62 "http://localhost:3000/" "Mozilla/5.0 (Windows NT 10.0; Win64; x64) AppleWebKit/537.36 (KHTML, like Gecko) Chrome/86.0.4240.111 Safari/537.36"
::1 - - [23/Oct/2020:09:31:06 +0000] "POST /users/register HTTP/1.1" 500 68 "http://localhost:3000/" "Mozilla/5.0 (Windows NT 10.0; Win64; x64) AppleWebKit/537.36 (KHTML, like Gecko) Chrome/86.0.4240.111 Safari/537.36"
::1 - - [23/Oct/2020:09:31:08 +0000] "POST /users/register HTTP/1.1" 500 68 "http://localhost:3000/" "Mozilla/5.0 (Windows NT 10.0; Win64; x64) AppleWebKit/537.36 (KHTML, like Gecko) Chrome/86.0.4240.111 Safari/537.36"
::1 - - [23/Oct/2020:09:31:09 +0000] "POST /users/register HTTP/1.1" 500 68 "http://localhost:3000/" "Mozilla/5.0 (Windows NT 10.0; Win64; x64) AppleWebKit/537.36 (KHTML, like Gecko) Chrome/86.0.4240.111 Safari/537.36"
::1 - - [23/Oct/2020:09:31:09 +0000] "POST /users/register HTTP/1.1" 500 68 "http://localhost:3000/" "Mozilla/5.0 (Windows NT 10.0; Win64; x64) AppleWebKit/537.36 (KHTML, like Gecko) Chrome/86.0.4240.111 Safari/537.36"
::1 - - [23/Oct/2020:09:32:27 +0000] "POST /users/register HTTP/1.1" 500 62 "http://localhost:3000/" "Mozilla/5.0 (Windows NT 10.0; Win64; x64) AppleWebKit/537.36 (KHTML, like Gecko) Chrome/86.0.4240.111 Safari/537.36"
::1 - - [23/Oct/2020:09:32:29 +0000] "POST /users/register HTTP/1.1" 500 62 "http://localhost:3000/" "Mozilla/5.0 (Windows NT 10.0; Win64; x64) AppleWebKit/537.36 (KHTML, like Gecko) Chrome/86.0.4240.111 Safari/537.36"
::1 - - [23/Oct/2020:09:33:17 +0000] "POST /users/register HTTP/1.1" 200 292 "http://localhost:3000/" "Mozilla/5.0 (Windows NT 10.0; Win64; x64) AppleWebKit/537.36 (KHTML, like Gecko) Chrome/86.0.4240.111 Safari/537.36"
::1 - - [23/Oct/2020:09:33:19 +0000] "GET /users/5f92a35d62f0193be808683c HTTP/1.1" 404 169 "http://localhost:3000/" "Mozilla/5.0 (Windows NT 10.0; Win64; x64) AppleWebKit/537.36 (KHTML, like Gecko) Chrome/86.0.4240.111 Safari/537.36"
::1 - - [23/Oct/2020:09:34:12 +0000] "POST /users/login HTTP/1.1" 200 289 "http://localhost:3000/" "Mozilla/5.0 (Windows NT 10.0; Win64; x64) AppleWebKit/537.36 (KHTML, like Gecko) Chrome/86.0.4240.111 Safari/537.36"
::1 - - [23/Oct/2020:09:34:13 +0000] "GET /users/5f92a35d62f0193be808683c HTTP/1.1" 404 169 "http://localhost:3000/" "Mozilla/5.0 (Windows NT 10.0; Win64; x64) AppleWebKit/537.36 (KHTML, like Gecko) Chrome/86.0.4240.111 Safari/537.36"
::1 - - [23/Oct/2020:09:34:24 +0000] "GET /users/5f92a35d62f0193be808683c HTTP/1.1" 404 169 "http://localhost:3000/" "Mozilla/5.0 (Windows NT 10.0; Win64; x64) AppleWebKit/537.36 (KHTML, like Gecko) Chrome/86.0.4240.111 Safari/537.36"
::1 - - [23/Oct/2020:09:34:39 +0000] "GET /users/5f92a35d62f0193be808683c HTTP/1.1" 404 169 "http://localhost:3000/" "Mozilla/5.0 (Windows NT 10.0; Win64; x64) AppleWebKit/537.36 (KHTML, like Gecko) Chrome/86.0.4240.111 Safari/537.36"
::1 - - [23/Oct/2020:09:34:41 +0000] "GET /checkInfo HTTP/1.1" 404 148 "http://localhost:3000/" "Mozilla/5.0 (Windows NT 10.0; Win64; x64) AppleWebKit/537.36 (KHTML, like Gecko) Chrome/86.0.4240.111 Safari/537.36"
::1 - - [23/Oct/2020:09:34:45 +0000] "GET /verifications HTTP/1.1" 404 152 "http://localhost:3000/" "Mozilla/5.0 (Windows NT 10.0; Win64; x64) AppleWebKit/537.36 (KHTML, like Gecko) Chrome/86.0.4240.111 Safari/537.36"
::1 - - [23/Oct/2020:09:35:17 +0000] "POST /users/login HTTP/1.1" 200 47 "http://localhost:3000/" "Mozilla/5.0 (Windows NT 10.0; Win64; x64) AppleWebKit/537.36 (KHTML, like Gecko) Chrome/86.0.4240.111 Safari/537.36"
::1 - - [23/Oct/2020:09:35:19 +0000] "POST /users/login HTTP/1.1" 200 47 "http://localhost:3000/" "Mozilla/5.0 (Windows NT 10.0; Win64; x64) AppleWebKit/537.36 (KHTML, like Gecko) Chrome/86.0.4240.111 Safari/537.36"
::1 - - [23/Oct/2020:09:35:21 +0000] "POST /users/login HTTP/1.1" 200 47 "http://localhost:3000/" "Mozilla/5.0 (Windows NT 10.0; Win64; x64) AppleWebKit/537.36 (KHTML, like Gecko) Chrome/86.0.4240.111 Safari/537.36"
::1 - - [23/Oct/2020:09:35:31 +0000] "POST /users/login HTTP/1.1" 200 289 "http://localhost:3000/" "Mozilla/5.0 (Windows NT 10.0; Win64; x64) AppleWebKit/537.36 (KHTML, like Gecko) Chrome/86.0.4240.111 Safari/537.36"
::1 - - [23/Oct/2020:09:35:33 +0000] "GET /users/5f926bbc305f763674e56184 HTTP/1.1" 404 169 "http://localhost:3000/" "Mozilla/5.0 (Windows NT 10.0; Win64; x64) AppleWebKit/537.36 (KHTML, like Gecko) Chrome/86.0.4240.111 Safari/537.36"
::1 - - [23/Oct/2020:09:36:06 +0000] "GET /users/5f926bbc305f763674e56184 HTTP/1.1" 404 169 "http://localhost:3000/" "Mozilla/5.0 (Windows NT 10.0; Win64; x64) AppleWebKit/537.36 (KHTML, like Gecko) Chrome/86.0.4240.111 Safari/537.36"
::1 - - [23/Oct/2020:10:42:23 +0000] "GET /users/5f926bbc305f763674e56184 HTTP/1.1" 404 169 "http://localhost:3000/" "Mozilla/5.0 (Windows NT 10.0; Win64; x64) AppleWebKit/537.36 (KHTML, like Gecko) Chrome/86.0.4240.111 Safari/537.36"
::1 - - [23/Oct/2020:10:42:28 +0000] "GET /checkInfo HTTP/1.1" 404 148 "http://localhost:3000/" "Mozilla/5.0 (Windows NT 10.0; Win64; x64) AppleWebKit/537.36 (KHTML, like Gecko) Chrome/86.0.4240.111 Safari/537.36"
::1 - - [23/Oct/2020:10:42:32 +0000] "GET /reports HTTP/1.1" 404 146 "http://localhost:3000/" "Mozilla/5.0 (Windows NT 10.0; Win64; x64) AppleWebKit/537.36 (KHTML, like Gecko) Chrome/86.0.4240.111 Safari/537.36"
::1 - - [23/Oct/2020:10:42:34 +0000] "GET /invoices HTTP/1.1" 404 147 "http://localhost:3000/" "Mozilla/5.0 (Windows NT 10.0; Win64; x64) AppleWebKit/537.36 (KHTML, like Gecko) Chrome/86.0.4240.111 Safari/537.36"
::1 - - [23/Oct/2020:10:42:36 +0000] "GET /verifications HTTP/1.1" 404 152 "http://localhost:3000/" "Mozilla/5.0 (Windows NT 10.0; Win64; x64) AppleWebKit/537.36 (KHTML, like Gecko) Chrome/86.0.4240.111 Safari/537.36"
::1 - - [23/Oct/2020:10:48:25 +0000] "POST /users/register HTTP/1.1" 500 83 "http://localhost:3000/" "Mozilla/5.0 (Windows NT 10.0; Win64; x64) AppleWebKit/537.36 (KHTML, like Gecko) Chrome/86.0.4240.111 Safari/537.36"
::1 - - [23/Oct/2020:10:48:29 +0000] "POST /users/register HTTP/1.1" 500 83 "http://localhost:3000/" "Mozilla/5.0 (Windows NT 10.0; Win64; x64) AppleWebKit/537.36 (KHTML, like Gecko) Chrome/86.0.4240.111 Safari/537.36"
::1 - - [23/Oct/2020:11:32:24 +0000] "POST /users/register HTTP/1.1" 400 64 "-" "PostmanRuntime/7.26.5"
::1 - - [23/Oct/2020:11:35:09 +0000] "POST /users/register HTTP/1.1" 400 64 "-" "PostmanRuntime/7.26.5"
::1 - - [23/Oct/2020:11:36:15 +0000] "POST /users/register HTTP/1.1" 400 64 "-" "PostmanRuntime/7.26.5"
::1 - - [23/Oct/2020:11:36:18 +0000] "POST /users/register HTTP/1.1" 400 64 "-" "PostmanRuntime/7.26.5"
::1 - - [23/Oct/2020:11:37:23 +0000] "POST /users/register HTTP/1.1" 400 123 "-" "PostmanRuntime/7.26.5"
::1 - - [23/Oct/2020:11:38:56 +0000] "POST /users/register HTTP/1.1" 500 59 "-" "PostmanRuntime/7.26.5"
::1 - - [23/Oct/2020:11:41:45 +0000] "POST /users/register HTTP/1.1" 500 59 "-" "PostmanRuntime/7.26.5"
::1 - - [23/Oct/2020:11:42:29 +0000] "POST /users/register HTTP/1.1" 400 64 "-" "PostmanRuntime/7.26.5"
::1 - - [23/Oct/2020:11:42:33 +0000] "POST /users/register HTTP/1.1" 400 64 "-" "PostmanRuntime/7.26.5"
::1 - - [23/Oct/2020:11:45:38 +0000] "POST /users/register HTTP/1.1" 200 292 "-" "PostmanRuntime/7.26.5"
::1 - - [23/Oct/2020:11:46:29 +0000] "POST /users/register HTTP/1.1" 200 292 "-" "PostmanRuntime/7.26.5"
::1 - - [23/Oct/2020:11:48:26 +0000] "POST /users/register HTTP/1.1" 200 289 "-" "PostmanRuntime/7.26.5"
::1 - - [23/Oct/2020:11:49:07 +0000] "POST /users/login HTTP/1.1" 200 282 "http://localhost:3000/" "Mozilla/5.0 (Windows NT 10.0; Win64; x64) AppleWebKit/537.36 (KHTML, like Gecko) Chrome/86.0.4240.111 Safari/537.36"
::1 - - [23/Oct/2020:11:49:11 +0000] "GET /users/5f92c30acc71bd36f0400bee HTTP/1.1" 404 169 "http://localhost:3000/" "Mozilla/5.0 (Windows NT 10.0; Win64; x64) AppleWebKit/537.36 (KHTML, like Gecko) Chrome/86.0.4240.111 Safari/537.36"
::1 - - [23/Oct/2020:12:11:32 +0000] "POST /users/register HTTP/1.1" 200 289 "http://localhost:3000/" "Mozilla/5.0 (Windows NT 10.0; Win64; x64) AppleWebKit/537.36 (KHTML, like Gecko) Chrome/86.0.4240.111 Safari/537.36"
::1 - - [23/Oct/2020:12:11:35 +0000] "GET /users/5f92c874cc71bd36f0400bef HTTP/1.1" 404 169 "http://localhost:3000/" "Mozilla/5.0 (Windows NT 10.0; Win64; x64) AppleWebKit/537.36 (KHTML, like Gecko) Chrome/86.0.4240.111 Safari/537.36"
::1 - - [23/Oct/2020:12:12:37 +0000] "POST /users/login HTTP/1.1" 200 59 "http://localhost:3000/" "Mozilla/5.0 (Windows NT 10.0; Win64; x64) AppleWebKit/537.36 (KHTML, like Gecko) Chrome/86.0.4240.111 Safari/537.36"
::1 - - [23/Oct/2020:12:12:40 +0000] "POST /users/login HTTP/1.1" 200 59 "http://localhost:3000/" "Mozilla/5.0 (Windows NT 10.0; Win64; x64) AppleWebKit/537.36 (KHTML, like Gecko) Chrome/86.0.4240.111 Safari/537.36"
::1 - - [23/Oct/2020:12:12:44 +0000] "POST /users/login HTTP/1.1" 200 59 "http://localhost:3000/" "Mozilla/5.0 (Windows NT 10.0; Win64; x64) AppleWebKit/537.36 (KHTML, like Gecko) Chrome/86.0.4240.111 Safari/537.36"
::1 - - [23/Oct/2020:12:12:59 +0000] "POST /users/login HTTP/1.1" 200 289 "http://localhost:3000/" "Mozilla/5.0 (Windows NT 10.0; Win64; x64) AppleWebKit/537.36 (KHTML, like Gecko) Chrome/86.0.4240.111 Safari/537.36"
::1 - - [23/Oct/2020:12:13:02 +0000] "GET /users/5f926bbc305f763674e56184 HTTP/1.1" 404 169 "http://localhost:3000/" "Mozilla/5.0 (Windows NT 10.0; Win64; x64) AppleWebKit/537.36 (KHTML, like Gecko) Chrome/86.0.4240.111 Safari/537.36"
::1 - - [23/Oct/2020:12:13:30 +0000] "GET /users/5f926bbc305f763674e56184 HTTP/1.1" 404 169 "http://localhost:3000/" "Mozilla/5.0 (Windows NT 10.0; Win64; x64) AppleWebKit/537.36 (KHTML, like Gecko) Chrome/86.0.4240.111 Safari/537.36"
::1 - - [23/Oct/2020:12:13:34 +0000] "GET /verifications HTTP/1.1" 404 152 "http://localhost:3000/" "Mozilla/5.0 (Windows NT 10.0; Win64; x64) AppleWebKit/537.36 (KHTML, like Gecko) Chrome/86.0.4240.111 Safari/537.36"
::1 - - [23/Oct/2020:12:13:36 +0000] "GET /checkInfo HTTP/1.1" 404 148 "http://localhost:3000/" "Mozilla/5.0 (Windows NT 10.0; Win64; x64) AppleWebKit/537.36 (KHTML, like Gecko) Chrome/86.0.4240.111 Safari/537.36"
::1 - - [23/Oct/2020:12:13:38 +0000] "GET /reports HTTP/1.1" 404 146 "http://localhost:3000/" "Mozilla/5.0 (Windows NT 10.0; Win64; x64) AppleWebKit/537.36 (KHTML, like Gecko) Chrome/86.0.4240.111 Safari/537.36"
::1 - - [23/Oct/2020:12:13:40 +0000] "GET /invoices HTTP/1.1" 404 147 "http://localhost:3000/" "Mozilla/5.0 (Windows NT 10.0; Win64; x64) AppleWebKit/537.36 (KHTML, like Gecko) Chrome/86.0.4240.111 Safari/537.36"
::1 - - [23/Oct/2020:12:13:41 +0000] "GET /checkInfo HTTP/1.1" 404 148 "http://localhost:3000/" "Mozilla/5.0 (Windows NT 10.0; Win64; x64) AppleWebKit/537.36 (KHTML, like Gecko) Chrome/86.0.4240.111 Safari/537.36"
::1 - - [23/Oct/2020:12:17:44 +0000] "POST /users/login HTTP/1.1" 200 282 "http://localhost:3000/" "Mozilla/5.0 (Windows NT 10.0; Win64; x64) AppleWebKit/537.36 (KHTML, like Gecko) Chrome/86.0.4240.111 Safari/537.36"
::1 - - [23/Oct/2020:12:17:47 +0000] "GET /users/5f92c30acc71bd36f0400bee HTTP/1.1" 404 169 "http://localhost:3000/" "Mozilla/5.0 (Windows NT 10.0; Win64; x64) AppleWebKit/537.36 (KHTML, like Gecko) Chrome/86.0.4240.111 Safari/537.36"
::1 - - [23/Oct/2020:12:18:22 +0000] "POST /users/login HTTP/1.1" 200 289 "http://localhost:3000/" "Mozilla/5.0 (Windows NT 10.0; Win64; x64) AppleWebKit/537.36 (KHTML, like Gecko) Chrome/86.0.4240.111 Safari/537.36"
::1 - - [23/Oct/2020:12:18:24 +0000] "GET /users/5f926bbc305f763674e56184 HTTP/1.1" 404 169 "http://localhost:3000/" "Mozilla/5.0 (Windows NT 10.0; Win64; x64) AppleWebKit/537.36 (KHTML, like Gecko) Chrome/86.0.4240.111 Safari/537.36"
::1 - - [23/Oct/2020:12:21:39 +0000] "GET /users/5f926bbc305f763674e56184 HTTP/1.1" 404 169 "http://localhost:3000/" "Mozilla/5.0 (Windows NT 10.0; Win64; x64) AppleWebKit/537.36 (KHTML, like Gecko) Chrome/86.0.4240.111 Safari/537.36"
::1 - - [23/Oct/2020:12:22:19 +0000] "POST /users/login HTTP/1.1" 200 282 "http://localhost:3000/" "Mozilla/5.0 (Windows NT 10.0; Win64; x64) AppleWebKit/537.36 (KHTML, like Gecko) Chrome/86.0.4240.111 Safari/537.36"
::1 - - [23/Oct/2020:12:22:21 +0000] "GET /users/5f92c30acc71bd36f0400bee HTTP/1.1" 404 169 "http://localhost:3000/" "Mozilla/5.0 (Windows NT 10.0; Win64; x64) AppleWebKit/537.36 (KHTML, like Gecko) Chrome/86.0.4240.111 Safari/537.36"
::1 - - [23/Oct/2020:12:26:39 +0000] "GET /users?type=employer HTTP/1.1" 404 144 "http://localhost:3000/" "Mozilla/5.0 (Windows NT 10.0; Win64; x64) AppleWebKit/537.36 (KHTML, like Gecko) Chrome/86.0.4240.111 Safari/537.36"
::1 - - [23/Oct/2020:12:35:12 +0000] "GET /users?type=employer HTTP/1.1" 404 144 "http://localhost:3000/" "Mozilla/5.0 (Windows NT 10.0; Win64; x64) AppleWebKit/537.36 (KHTML, like Gecko) Chrome/86.0.4240.111 Safari/537.36"
::1 - - [23/Oct/2020:12:35:53 +0000] "POST /users/login HTTP/1.1" 200 289 "http://localhost:3000/" "Mozilla/5.0 (Windows NT 10.0; Win64; x64) AppleWebKit/537.36 (KHTML, like Gecko) Chrome/86.0.4240.111 Safari/537.36"
::1 - - [23/Oct/2020:12:35:55 +0000] "GET /users/5f926bbc305f763674e56184 HTTP/1.1" 404 169 "http://localhost:3000/" "Mozilla/5.0 (Windows NT 10.0; Win64; x64) AppleWebKit/537.36 (KHTML, like Gecko) Chrome/86.0.4240.111 Safari/537.36"
::1 - - [23/Oct/2020:12:52:23 +0000] "POST /user/login HTTP/1.1" 404 150 "-" "PostmanRuntime/7.26.5"
::1 - - [23/Oct/2020:12:52:33 +0000] "POST /user/login HTTP/1.1" 404 150 "-" "PostmanRuntime/7.26.5"
::1 - - [23/Oct/2020:12:52:53 +0000] "POST /user/login HTTP/1.1" 404 150 "-" "PostmanRuntime/7.26.5"
::1 - - [23/Oct/2020:12:53:22 +0000] "POST /users/login HTTP/1.1" 200 289 "http://localhost:3000/" "Mozilla/5.0 (Windows NT 10.0; Win64; x64) AppleWebKit/537.36 (KHTML, like Gecko) Chrome/86.0.4240.111 Safari/537.36"
::1 - - [23/Oct/2020:12:53:24 +0000] "GET /users/5f926bbc305f763674e56184 HTTP/1.1" 404 169 "http://localhost:3000/" "Mozilla/5.0 (Windows NT 10.0; Win64; x64) AppleWebKit/537.36 (KHTML, like Gecko) Chrome/86.0.4240.111 Safari/537.36"
::1 - - [23/Oct/2020:12:53:42 +0000] "POST /users/login HTTP/1.1" 200 289 "-" "PostmanRuntime/7.26.5"
::1 - - [23/Oct/2020:12:54:16 +0000] "POST / HTTP/1.1" 404 140 "-" "PostmanRuntime/7.26.5"
::1 - - [23/Oct/2020:12:54:25 +0000] "GET / HTTP/1.1" 404 139 "-" "PostmanRuntime/7.26.5"
::1 - - [23/Oct/2020:12:54:44 +0000] "GET /users/login HTTP/1.1" 404 150 "-" "PostmanRuntime/7.26.5"
::1 - - [23/Oct/2020:12:54:53 +0000] "POST /users/login HTTP/1.1" 200 289 "-" "PostmanRuntime/7.26.5"
::1 - - [23/Oct/2020:12:55:03 +0000] "GET /users/login/ HTTP/1.1" 404 151 "-" "PostmanRuntime/7.26.5"
::1 - - [24/Oct/2020:04:57:37 +0000] "GET /users/5f926bbc305f763674e56184 HTTP/1.1" 404 169 "http://localhost:3000/" "Mozilla/5.0 (Windows NT 10.0; Win64; x64) AppleWebKit/537.36 (KHTML, like Gecko) Chrome/86.0.4240.111 Safari/537.36"
::1 - - [24/Oct/2020:04:58:08 +0000] "POST /users/login HTTP/1.1" 200 289 "http://localhost:3000/" "Mozilla/5.0 (Windows NT 10.0; Win64; x64) AppleWebKit/537.36 (KHTML, like Gecko) Chrome/86.0.4240.111 Safari/537.36"
::1 - - [24/Oct/2020:04:58:10 +0000] "GET /users/5f926bbc305f763674e56184 HTTP/1.1" 404 169 "http://localhost:3000/" "Mozilla/5.0 (Windows NT 10.0; Win64; x64) AppleWebKit/537.36 (KHTML, like Gecko) Chrome/86.0.4240.111 Safari/537.36"
::1 - - [26/Oct/2020:04:52:33 +0000] "POST /users/login HTTP/1.1" 200 289 "http://localhost:3000/" "Mozilla/5.0 (Windows NT 10.0; Win64; x64) AppleWebKit/537.36 (KHTML, like Gecko) Chrome/86.0.4240.111 Safari/537.36"
::1 - - [26/Oct/2020:04:52:36 +0000] "GET /users/5f926bbc305f763674e56184 HTTP/1.1" 404 169 "http://localhost:3000/" "Mozilla/5.0 (Windows NT 10.0; Win64; x64) AppleWebKit/537.36 (KHTML, like Gecko) Chrome/86.0.4240.111 Safari/537.36"
::1 - - [26/Oct/2020:04:52:59 +0000] "GET /users/5f926bbc305f763674e56184 HTTP/1.1" 404 169 "http://localhost:3000/" "Mozilla/5.0 (Windows NT 10.0; Win64; x64) AppleWebKit/537.36 (KHTML, like Gecko) Chrome/86.0.4240.111 Safari/537.36"
::1 - - [26/Oct/2020:04:53:03 +0000] "GET /verifications HTTP/1.1" 404 152 "http://localhost:3000/" "Mozilla/5.0 (Windows NT 10.0; Win64; x64) AppleWebKit/537.36 (KHTML, like Gecko) Chrome/86.0.4240.111 Safari/537.36"
::1 - - [26/Oct/2020:04:53:05 +0000] "GET /checkInfo HTTP/1.1" 404 148 "http://localhost:3000/" "Mozilla/5.0 (Windows NT 10.0; Win64; x64) AppleWebKit/537.36 (KHTML, like Gecko) Chrome/86.0.4240.111 Safari/537.36"
::1 - - [26/Oct/2020:04:53:06 +0000] "GET /reports HTTP/1.1" 404 146 "http://localhost:3000/" "Mozilla/5.0 (Windows NT 10.0; Win64; x64) AppleWebKit/537.36 (KHTML, like Gecko) Chrome/86.0.4240.111 Safari/537.36"
::1 - - [26/Oct/2020:04:53:08 +0000] "GET /invoices HTTP/1.1" 404 147 "http://localhost:3000/" "Mozilla/5.0 (Windows NT 10.0; Win64; x64) AppleWebKit/537.36 (KHTML, like Gecko) Chrome/86.0.4240.111 Safari/537.36"
::1 - - [26/Oct/2020:04:53:36 +0000] "POST /users/login HTTP/1.1" 200 282 "http://localhost:3000/" "Mozilla/5.0 (Windows NT 10.0; Win64; x64) AppleWebKit/537.36 (KHTML, like Gecko) Chrome/86.0.4240.111 Safari/537.36"
::1 - - [26/Oct/2020:04:53:38 +0000] "GET /users/5f92c30acc71bd36f0400bee HTTP/1.1" 404 169 "http://localhost:3000/" "Mozilla/5.0 (Windows NT 10.0; Win64; x64) AppleWebKit/537.36 (KHTML, like Gecko) Chrome/86.0.4240.111 Safari/537.36"
::1 - - [26/Oct/2020:04:54:40 +0000] "GET /verifications HTTP/1.1" 404 152 "http://localhost:3000/" "Mozilla/5.0 (Windows NT 10.0; Win64; x64) AppleWebKit/537.36 (KHTML, like Gecko) Chrome/86.0.4240.111 Safari/537.36"
::1 - - [26/Oct/2020:04:55:11 +0000] "POST /users/login HTTP/1.1" 200 289 "http://localhost:3000/" "Mozilla/5.0 (Windows NT 10.0; Win64; x64) AppleWebKit/537.36 (KHTML, like Gecko) Chrome/86.0.4240.111 Safari/537.36"
::1 - - [26/Oct/2020:04:55:13 +0000] "GET /users/5f926bbc305f763674e56184 HTTP/1.1" 404 169 "http://localhost:3000/" "Mozilla/5.0 (Windows NT 10.0; Win64; x64) AppleWebKit/537.36 (KHTML, like Gecko) Chrome/86.0.4240.111 Safari/537.36"
::1 - - [26/Oct/2020:04:59:50 +0000] "GET /users/5f926bbc305f763674e56184 HTTP/1.1" 404 169 "http://localhost:3000/" "Mozilla/5.0 (Windows NT 10.0; Win64; x64) AppleWebKit/537.36 (KHTML, like Gecko) Chrome/86.0.4240.111 Safari/537.36"
::1 - - [26/Oct/2020:06:49:28 +0000] "GET /users/use HTTP/1.1" 200 11552 "-" "PostmanRuntime/7.26.5"
::1 - - [26/Oct/2020:06:49:58 +0000] "GET /users/use?token=eyJhbGciOiJIUzI1NiIsInR5cCI6IkpXVCJ9.eyJzdWIiOiI1ZjkyYzMwYWNjNzFiZDM2ZjA0MDBiZWUiLCJyb2xlIjoiQURNSU4iLCJpYXQiOjE2MDM2OTQ3MzF9.WuDbnQQBdsv3sbO6DxzOlbb77kvMTi_Y5_GRPFtv3kU HTTP/1.1" 200 11552 "-" "PostmanRuntime/7.26.5"
::1 - - [26/Oct/2020:06:51:27 +0000] "POST /users/login HTTP/1.1" 200 289 "-" "PostmanRuntime/7.26.5"
::1 - - [26/Oct/2020:06:52:00 +0000] "GET /users/use?token=eyJhbGciOiJIUzI1NiIsInR5cCI6IkpXVCJ9.eyJzdWIiOiI1ZjkyNmJiYzMwNWY3NjM2NzRlNTYxODQiLCJyb2xlIjoiRU1QTE9ZRVIiLCJpYXQiOjE2MDM2OTUwODd9.bHVE3O7QIQAkgnN7-q3uILrlVjG3mwkhdcPJ58_jCs0 HTTP/1.1" 200 11552 "-" "PostmanRuntime/7.26.5"
::1 - - [26/Oct/2020:07:12:02 +0000] "POST /users/setProfile HTTP/1.1" 400 88 "-" "PostmanRuntime/7.26.5"
::1 - - [26/Oct/2020:07:13:25 +0000] "POST /users/setProfile HTTP/1.1" 400 83 "-" "PostmanRuntime/7.26.5"
::1 - - [26/Oct/2020:07:13:48 +0000] "POST /users/setProfile HTTP/1.1" 400 89 "-" "PostmanRuntime/7.26.5"
::1 - - [26/Oct/2020:07:14:14 +0000] "POST /users/setProfile HTTP/1.1" 200 52 "-" "PostmanRuntime/7.26.5"
::1 - - [26/Oct/2020:07:18:13 +0000] "GET /users/use?token=eyJhbGciOiJIUzI1NiIsInR5cCI6IkpXVCJ9.eyJzdWIiOiI1ZjkyNmJiYzMwNWY3NjM2NzRlNTYxODQiLCJyb2xlIjoiRU1QTE9ZRVIiLCJpYXQiOjE2MDM2OTUwODd9.bHVE3O7QIQAkgnN7-q3uILrlVjG3mwkhdcPJ58_jCs0 HTTP/1.1" 200 11661 "-" "PostmanRuntime/7.26.5"
::1 - - [26/Oct/2020:07:26:21 +0000] "POST /users/login HTTP/1.1" 200 282 "http://localhost:3000/" "Mozilla/5.0 (Windows NT 10.0; Win64; x64) AppleWebKit/537.36 (KHTML, like Gecko) Chrome/86.0.4240.111 Safari/537.36"
::1 - - [26/Oct/2020:07:26:23 +0000] "GET /users/5f92c30acc71bd36f0400bee HTTP/1.1" 404 169 "http://localhost:3000/" "Mozilla/5.0 (Windows NT 10.0; Win64; x64) AppleWebKit/537.36 (KHTML, like Gecko) Chrome/86.0.4240.111 Safari/537.36"
::1 - - [26/Oct/2020:07:32:55 +0000] "GET /users?type=vendor HTTP/1.1" 404 144 "http://localhost:3000/" "Mozilla/5.0 (Windows NT 10.0; Win64; x64) AppleWebKit/537.36 (KHTML, like Gecko) Chrome/86.0.4240.111 Safari/537.36"
::1 - - [26/Oct/2020:07:32:58 +0000] "GET /verifications HTTP/1.1" 404 152 "http://localhost:3000/" "Mozilla/5.0 (Windows NT 10.0; Win64; x64) AppleWebKit/537.36 (KHTML, like Gecko) Chrome/86.0.4240.111 Safari/537.36"
::1 - - [26/Oct/2020:07:33:03 +0000] "GET /users?type=employer HTTP/1.1" 404 144 "http://localhost:3000/" "Mozilla/5.0 (Windows NT 10.0; Win64; x64) AppleWebKit/537.36 (KHTML, like Gecko) Chrome/86.0.4240.111 Safari/537.36"
::1 - - [26/Oct/2020:07:33:07 +0000] "GET /leads HTTP/1.1" 404 144 "http://localhost:3000/" "Mozilla/5.0 (Windows NT 10.0; Win64; x64) AppleWebKit/537.36 (KHTML, like Gecko) Chrome/86.0.4240.111 Safari/537.36"
::1 - - [26/Oct/2020:07:33:14 +0000] "GET /users?type=employer HTTP/1.1" 404 144 "http://localhost:3000/" "Mozilla/5.0 (Windows NT 10.0; Win64; x64) AppleWebKit/537.36 (KHTML, like Gecko) Chrome/86.0.4240.111 Safari/537.36"
::1 - - [26/Oct/2020:09:53:01 +0000] "POST /users/contactdetail HTTP/1.1" 200 55 "-" "PostmanRuntime/7.26.5"
::1 - - [26/Oct/2020:11:21:03 +0000] "POST /users/contactdetail HTTP/1.1" 200 55 "-" "PostmanRuntime/7.26.5"
::1 - - [26/Oct/2020:11:22:13 +0000] "GET /users/use?token=eyJhbGciOiJIUzI1NiIsInR5cCI6IkpXVCJ9.eyJzdWIiOiI1ZjkyNmJiYzMwNWY3NjM2NzRlNTYxODQiLCJyb2xlIjoiRU1QTE9ZRVIiLCJpYXQiOjE2MDM2OTUwODd9.bHVE3O7QIQAkgnN7-q3uILrlVjG3mwkhdcPJ58_jCs0 HTTP/1.1" 404 148 "-" "PostmanRuntime/7.26.5"
::1 - - [26/Oct/2020:11:22:57 +0000] "GET /users/use?token=eyJhbGciOiJIUzI1NiIsInR5cCI6IkpXVCJ9.eyJzdWIiOiI1ZjkyNmJiYzMwNWY3NjM2NzRlNTYxODQiLCJyb2xlIjoiRU1QTE9ZRVIiLCJpYXQiOjE2MDM2OTUwODd9.bHVE3O7QIQAkgnN7-q3uILrlVjG3mwkhdcPJ58_jCs0 HTTP/1.1" 404 148 "-" "PostmanRuntime/7.26.5"
::1 - - [26/Oct/2020:11:23:02 +0000] "GET /users/use?token=eyJhbGciOiJIUzI1NiIsInR5cCI6IkpXVCJ9.eyJzdWIiOiI1ZjkyNmJiYzMwNWY3NjM2NzRlNTYxODQiLCJyb2xlIjoiRU1QTE9ZRVIiLCJpYXQiOjE2MDM2OTUwODd9.bHVE3O7QIQAkgnN7-q3uILrlVjG3mwkhdcPJ58_jCs0 HTTP/1.1" 404 148 "-" "PostmanRuntime/7.26.5"
::1 - - [26/Oct/2020:11:23:31 +0000] "GET /users/use?token=eyJhbGciOiJIUzI1NiIsInR5cCI6IkpXVCJ9.eyJzdWIiOiI1ZjkyNmJiYzMwNWY3NjM2NzRlNTYxODQiLCJyb2xlIjoiRU1QTE9ZRVIiLCJpYXQiOjE2MDM2OTUwODd9.bHVE3O7QIQAkgnN7-q3uILrlVjG3mwkhdcPJ58_jCs0 HTTP/1.1" 404 148 "-" "PostmanRuntime/7.26.5"
::1 - - [26/Oct/2020:11:23:53 +0000] "POST /users/login HTTP/1.1" 200 282 "-" "PostmanRuntime/7.26.5"
::1 - - [26/Oct/2020:11:24:02 +0000] "POST /users/login HTTP/1.1" 200 282 "-" "PostmanRuntime/7.26.5"
::1 - - [26/Oct/2020:11:25:55 +0000] "GET /users/use?token=eyJhbGciOiJIUzI1NiIsInR5cCI6IkpXVCJ9.eyJzdWIiOiI1ZjkyNmJiYzMwNWY3NjM2NzRlNTYxODQiLCJyb2xlIjoiRU1QTE9ZRVIiLCJpYXQiOjE2MDM2OTUwODd9.bHVE3O7QIQAkgnN7-q3uILrlVjG3mwkhdcPJ58_jCs0 HTTP/1.1" 404 148 "-" "PostmanRuntime/7.26.5"
::1 - - [26/Oct/2020:11:26:19 +0000] "POST /users/login HTTP/1.1" 200 289 "-" "PostmanRuntime/7.26.5"
::1 - - [26/Oct/2020:11:26:52 +0000] "GET /users/use?token=eyJhbGciOiJIUzI1NiIsInR5cCI6IkpXVCJ9.eyJzdWIiOiI1ZjkyNmJiYzMwNWY3NjM2NzRlNTYxODQiLCJyb2xlIjoiRU1QTE9ZRVIiLCJpYXQiOjE2MDM2OTUwODd9.bHVE3O7QIQAkgnN7-q3uILrlVjG3mwkhdcPJ58_jCs0 HTTP/1.1" 404 148 "-" "PostmanRuntime/7.26.5"
::1 - - [26/Oct/2020:11:27:05 +0000] "GET /users/use?token=eyJhbGciOiJIUzI1NiIsInR5cCI6IkpXVCJ9.eyJzdWIiOiI1ZjkyNmJiYzMwNWY3NjM2NzRlNTYxODQiLCJyb2xlIjoiRU1QTE9ZRVIiLCJpYXQiOjE2MDM3MTE1Nzl9.fv-Bw3dkjGfw8F-nE-buM_KrZFq-HdAFCnGkw7Nlqtc HTTP/1.1" 404 148 "-" "PostmanRuntime/7.26.5"
::1 - - [26/Oct/2020:11:27:11 +0000] "POST /users/login HTTP/1.1" 200 282 "-" "PostmanRuntime/7.26.5"
::1 - - [26/Oct/2020:11:27:36 +0000] "GET /users/use?token=eyJhbGciOiJIUzI1NiIsInR5cCI6IkpXVCJ9.eyJzdWIiOiI1ZjkyYzMwYWNjNzFiZDM2ZjA0MDBiZWUiLCJyb2xlIjoiQURNSU4iLCJpYXQiOjE2MDM3MTE2MzF9.TtCR4xVRgPoEYKBF-PDUKfLeJxY0Rcj-VG1yvmyF3lM HTTP/1.1" 404 148 "-" "PostmanRuntime/7.26.5"
::1 - - [26/Oct/2020:11:27:53 +0000] "POST /users/login HTTP/1.1" 200 289 "-" "PostmanRuntime/7.26.5"
::1 - - [26/Oct/2020:11:28:25 +0000] "GET /users/use?token=eyJhbGciOiJIUzI1NiIsInR5cCI6IkpXVCJ9.eyJzdWIiOiI1ZjkyNmJiYzMwNWY3NjM2NzRlNTYxODQiLCJyb2xlIjoiRU1QTE9ZRVIiLCJpYXQiOjE2MDM3MTE2NzN9.GDU30Bo8t2sD3PMO1jval8YRt3FyMsgnSD0c01hr1ak HTTP/1.1" 404 148 "-" "PostmanRuntime/7.26.5"
::1 - - [26/Oct/2020:11:28:28 +0000] "GET /users/use?token=eyJhbGciOiJIUzI1NiIsInR5cCI6IkpXVCJ9.eyJzdWIiOiI1ZjkyNmJiYzMwNWY3NjM2NzRlNTYxODQiLCJyb2xlIjoiRU1QTE9ZRVIiLCJpYXQiOjE2MDM3MTE2NzN9.GDU30Bo8t2sD3PMO1jval8YRt3FyMsgnSD0c01hr1ak HTTP/1.1" 404 148 "-" "PostmanRuntime/7.26.5"
::1 - - [26/Oct/2020:11:28:37 +0000] "POST /users/login HTTP/1.1" 200 282 "-" "PostmanRuntime/7.26.5"
::1 - - [26/Oct/2020:11:29:07 +0000] "GET /users/use?token=eyJhbGciOiJIUzI1NiIsInR5cCI6IkpXVCJ9.eyJzdWIiOiI1ZjkyYzMwYWNjNzFiZDM2ZjA0MDBiZWUiLCJyb2xlIjoiQURNSU4iLCJpYXQiOjE2MDM3MTE3MTd9.zTYr6x-Zvtg4Qt8i2yadrplwAkm1OCuqzsh4CnYePsE HTTP/1.1" 404 148 "-" "PostmanRuntime/7.26.5"
::1 - - [26/Oct/2020:11:29:09 +0000] "GET /users/use?token=eyJhbGciOiJIUzI1NiIsInR5cCI6IkpXVCJ9.eyJzdWIiOiI1ZjkyYzMwYWNjNzFiZDM2ZjA0MDBiZWUiLCJyb2xlIjoiQURNSU4iLCJpYXQiOjE2MDM3MTE3MTd9.zTYr6x-Zvtg4Qt8i2yadrplwAkm1OCuqzsh4CnYePsE HTTP/1.1" 404 148 "-" "PostmanRuntime/7.26.5"
::1 - - [26/Oct/2020:11:29:26 +0000] "GET / HTTP/1.1" 404 139 "-" "PostmanRuntime/7.26.5"
::1 - - [26/Oct/2020:11:29:29 +0000] "GET / HTTP/1.1" 404 139 "-" "PostmanRuntime/7.26.5"
::1 - - [26/Oct/2020:11:30:14 +0000] "GET / HTTP/1.1" 404 139 "-" "PostmanRuntime/7.26.5"
::1 - - [26/Oct/2020:11:30:16 +0000] "GET / HTTP/1.1" 404 139 "-" "PostmanRuntime/7.26.5"
::1 - - [26/Oct/2020:11:30:33 +0000] "GET /user/use HTTP/1.1" 404 147 "-" "PostmanRuntime/7.26.5"
::1 - - [26/Oct/2020:11:31:14 +0000] "GET /user/ HTTP/1.1" 404 144 "-" "PostmanRuntime/7.26.5"
::1 - - [26/Oct/2020:11:31:27 +0000] "POST /users/login HTTP/1.1" 200 282 "-" "PostmanRuntime/7.26.5"
::1 - - [26/Oct/2020:11:31:47 +0000] "GET /users/?token=eyJhbGciOiJIUzI1NiIsInR5cCI6IkpXVCJ9.eyJzdWIiOiI1ZjkyYzMwYWNjNzFiZDM2ZjA0MDBiZWUiLCJyb2xlIjoiQURNSU4iLCJpYXQiOjE2MDM3MTE4ODd9.ytcor9xXlDCepI_0cfK-fUwWbGg2xFB-XMUu5G3u5gw HTTP/1.1" 200 20506 "-" "PostmanRuntime/7.26.5"
::1 - - [26/Oct/2020:11:36:38 +0000] "POST /users/businessprofile HTTP/1.1" 400 59 "-" "PostmanRuntime/7.26.5"
::1 - - [26/Oct/2020:11:37:38 +0000] "POST /users/businessprofile HTTP/1.1" 400 80 "-" "PostmanRuntime/7.26.5"
::1 - - [26/Oct/2020:11:38:49 +0000] "POST /users/businessprofile HTTP/1.1" 400 88 "-" "PostmanRuntime/7.26.5"
::1 - - [26/Oct/2020:11:39:28 +0000] "POST /users/businessprofile HTTP/1.1" 400 103 "-" "PostmanRuntime/7.26.5"
::1 - - [26/Oct/2020:11:39:51 +0000] "POST /users/businessprofile HTTP/1.1" 200 56 "-" "PostmanRuntime/7.26.5"
::1 - - [26/Oct/2020:13:03:10 +0000] "POST /users/login HTTP/1.1" 200 289 "http://localhost:3000/" "Mozilla/5.0 (Windows NT 10.0; Win64; x64) AppleWebKit/537.36 (KHTML, like Gecko) Chrome/86.0.4240.111 Safari/537.36"
::1 - - [26/Oct/2020:13:03:13 +0000] "GET /users/5f926bbc305f763674e56184 HTTP/1.1" 404 169 "http://localhost:3000/" "Mozilla/5.0 (Windows NT 10.0; Win64; x64) AppleWebKit/537.36 (KHTML, like Gecko) Chrome/86.0.4240.111 Safari/537.36"
::1 - - [27/Oct/2020:05:15:55 +0000] "POST /users/contactdetail HTTP/1.1" 200 55 "-" "PostmanRuntime/7.26.5"
::1 - - [27/Oct/2020:05:16:08 +0000] "POST /users/businessprofile HTTP/1.1" 200 56 "-" "PostmanRuntime/7.26.5"
::1 - - [27/Oct/2020:05:16:40 +0000] "POST /users/login HTTP/1.1" 200 282 "-" "PostmanRuntime/7.26.5"
::1 - - [27/Oct/2020:05:17:28 +0000] "GET /users/?token=eyJhbGciOiJIUzI1NiIsInR5cCI6IkpXVCJ9.eyJzdWIiOiI1ZjkyYzMwYWNjNzFiZDM2ZjA0MDBiZWUiLCJyb2xlIjoiQURNSU4iLCJpYXQiOjE2MDM3NzU4MDB9.znO5XrFVxHFKQGdWIXiH0UX8y7FbTWu3WMC6NmvTUQA HTTP/1.1" 200 20480 "-" "PostmanRuntime/7.26.5"
